[debug] [2026-06-22T08:35:49.788Z] ----------------------------------------------------------------------
[debug] [2026-06-22T08:35:49.791Z] Command:       C:\Program Files\nodejs\node.exe C:\Users\Rayol\AppData\Roaming\npm\node_modules\firebase-tools\lib\bin\firebase.js emulators:start --only firestore auth
[debug] [2026-06-22T08:35:49.791Z] CLI Version:   15.22.0
[debug] [2026-06-22T08:35:49.791Z] Platform:      win32
[debug] [2026-06-22T08:35:49.791Z] Node Version:  v24.17.0
[debug] [2026-06-22T08:35:49.792Z] Detected Agent: unknown
[debug] [2026-06-22T08:35:49.792Z] Time:          Mon Jun 22 2026 11:35:49 GMT+0300 (East Africa Time)
[debug] [2026-06-22T08:35:49.792Z] ----------------------------------------------------------------------
[debug] 
[debug] [2026-06-22T08:35:54.560Z] > command requires scopes: ["email","openid","https://www.googleapis.com/auth/cloudplatformprojects.readonly","https://www.googleapis.com/auth/firebase","https://www.googleapis.com/auth/cloud-platform"]
[debug] [2026-06-22T08:35:54.560Z] > authorizing via signed-in user (lumbasi.natembea@strathmore.edu)
[warn] !  Could not find config (firebase.json) so using defaults. 
[debug] [2026-06-22T08:35:54.820Z] java version "22.0.2" 2024-07-16

[debug] [2026-06-22T08:35:54.820Z] Java(TM) SE Runtime Environment (build 22.0.2+9-70)
Java HotSpot(TM) 64-Bit Server VM (build 22.0.2+9-70, mixed mode, sharing)

[debug] [2026-06-22T08:35:54.862Z] Parsed Java major version: 22
[info] i  emulators: Starting emulators: auth, firestore {"metadata":{"emulator":{"name":"hub"},"message":"Starting emulators: auth, firestore"}}
[info] i  emulators: Detected demo project ID "demo-no-project", emulated services will use a demo configuration and attempts to access non-emulated services for this project will fail. {"metadata":{"emulator":{"name":"hub"},"message":"Detected demo project ID \"demo-no-project\", emulated services will use a demo configuration and attempts to access non-emulated services for this project will fail."}}
[debug] [2026-06-22T08:35:54.890Z] [logging] Logging Emulator only supports listening on one address (127.0.0.1). Not listening on ::1
[debug] [2026-06-22T08:35:54.890Z] [auth] Authentication Emulator only supports listening on one address (127.0.0.1). Not listening on ::1
[debug] [2026-06-22T08:35:54.891Z] [firestore] Firestore Emulator only supports listening on one address (127.0.0.1). Not listening on ::1
[debug] [2026-06-22T08:35:54.891Z] [firestore.websocket] websocket server for firestore only supports listening on one address (127.0.0.1). Not listening on ::1
[debug] [2026-06-22T08:35:54.891Z] assigned listening specs for emulators {"user":{"hub":[{"address":"127.0.0.1","family":"IPv4","port":4400},{"address":"::1","family":"IPv6","port":4400}],"ui":[{"address":"127.0.0.1","family":"IPv4","port":4000},{"address":"::1","family":"IPv6","port":4000}],"logging":[{"address":"127.0.0.1","family":"IPv4","port":4500}],"auth":[{"address":"127.0.0.1","family":"IPv4","port":9099}],"firestore":[{"address":"127.0.0.1","family":"IPv4","port":8080}],"firestore.websocket":[{"address":"127.0.0.1","family":"IPv4","port":9150}]},"metadata":{"message":"assigned listening specs for emulators"}}
[debug] [2026-06-22T08:35:54.899Z] Write emulator hub locator at C:\Users\Rayol\AppData\Local\Temp\hub-demo-no-project.json
[warn] !  firestore: Did not find a Cloud Firestore rules file specified in a firebase.json config file. {"metadata":{"emulator":{"name":"firestore"},"message":"Did not find a Cloud Firestore rules file specified in a firebase.json config file."}}
[warn] !  firestore: The emulator will default to allowing all reads and writes. Learn more about this option: https://firebase.google.com/docs/emulator-suite/install_and_configure#security_rules_configuration. {"metadata":{"emulator":{"name":"firestore"},"message":"The emulator will default to allowing all reads and writes. Learn more about this option: https://firebase.google.com/docs/emulator-suite/install_and_configure#security_rules_configuration."}}
[debug] [2026-06-22T08:35:54.921Z] Ignoring unsupported arg: auto_download {"metadata":{"emulator":{"name":"firestore"},"message":"Ignoring unsupported arg: auto_download"}}
[debug] [2026-06-22T08:35:54.921Z] Ignoring unsupported arg: single_project_mode_error {"metadata":{"emulator":{"name":"firestore"},"message":"Ignoring unsupported arg: single_project_mode_error"}}
[debug] [2026-06-22T08:35:54.921Z] Starting Firestore Emulator with command {"binary":"java","args":["-Dgoogle.cloud_firestore.debug_log_level=FINE","-Duser.language=en","-jar","C:\\Users\\Rayol\\.cache\\firebase\\emulators\\cloud-firestore-emulator-v1.21.0.jar","--host","127.0.0.1","--port",8080,"--websocket_port",9150,"--database-edition","standard","--project_id","demo-no-project","--single_project_mode",true],"optionalArgs":["port","webchannel_port","host","rules","websocket_port","database-edition","functions_emulator","seed_from_export","project_id","single_project_mode"],"joinArgs":false,"shell":false,"port":8080} {"metadata":{"emulator":{"name":"firestore"},"message":"Starting Firestore Emulator with command {\"binary\":\"java\",\"args\":[\"-Dgoogle.cloud_firestore.debug_log_level=FINE\",\"-Duser.language=en\",\"-jar\",\"C:\\\\Users\\\\Rayol\\\\.cache\\\\firebase\\\\emulators\\\\cloud-firestore-emulator-v1.21.0.jar\",\"--host\",\"127.0.0.1\",\"--port\",8080,\"--websocket_port\",9150,\"--database-edition\",\"standard\",\"--project_id\",\"demo-no-project\",\"--single_project_mode\",true],\"optionalArgs\":[\"port\",\"webchannel_port\",\"host\",\"rules\",\"websocket_port\",\"database-edition\",\"functions_emulator\",\"seed_from_export\",\"project_id\",\"single_project_mode\"],\"joinArgs\":false,\"shell\":false,\"port\":8080}"}}
[info] i  firestore: Firestore Emulator logging to firestore-debug.log {"metadata":{"emulator":{"name":"firestore"},"message":"Firestore Emulator logging to \u001b[1mfirestore-debug.log\u001b[22m"}}
[info] +  firestore: Firestore Emulator was started in standard edition. {"metadata":{"emulator":{"name":"firestore"},"message":"Firestore Emulator was started in standard edition."}}
[info] +  firestore: Firestore Emulator UI websocket is running on 9150. {"metadata":{"emulator":{"name":"firestore"},"message":"Firestore Emulator UI websocket is running on 9150."}}
[debug] [2026-06-22T08:36:06.158Z] Could not find VSCode notification endpoint: FetchError: request to http://localhost:40001/vscode/notify failed, reason: . If you are not running the Firebase SQL Connect VSCode extension, this is expected and not an issue.
[info] 
┌─────────────────────────────────────────────────────────────┐
│ ✔  All emulators ready! It is now safe to connect your app. │
│ i  View Emulator UI at http://127.0.0.1:4000/               │
└─────────────────────────────────────────────────────────────┘

┌────────────────┬────────────────┬─────────────────────────────────┐
│ Emulator       │ Host:Port      │ View in Emulator UI             │
├────────────────┼────────────────┼─────────────────────────────────┤
│ Authentication │ 127.0.0.1:9099 │ http://127.0.0.1:4000/auth      │
├────────────────┼────────────────┼─────────────────────────────────┤
│ Firestore      │ 127.0.0.1:8080 │ http://127.0.0.1:4000/firestore │
└────────────────┴────────────────┴─────────────────────────────────┘
  Emulator Hub host: 127.0.0.1 port: 4400
  Other reserved ports: 4500, 9150

Issues? Report them at https://github.com/firebase/firebase-tools/issues and attach the *-debug.log files.
 
[debug] [2026-06-28T15:28:30.133Z] ----------------------------------------------------------------------
[debug] [2026-06-28T15:28:30.137Z] Command:       C:\Program Files\nodejs\node.exe C:\Users\gitau\AppData\Roaming\npm\node_modules\firebase-tools\lib\bin\firebase.js use
[debug] [2026-06-28T15:28:30.137Z] CLI Version:   15.19.1
[debug] [2026-06-28T15:28:30.138Z] Platform:      win32
[debug] [2026-06-28T15:28:30.138Z] Node Version:  v24.12.0
[debug] [2026-06-28T15:28:30.138Z] Time:          Sun Jun 28 2026 18:28:30 GMT+0300 (East Africa Time)
[debug] [2026-06-28T15:28:30.138Z] ----------------------------------------------------------------------
[debug] 
[debug] [2026-06-28T15:28:30.146Z] >>> [apiv2][query] GET https://firebase-public.firebaseio.com/cli.json [none]
[debug] [2026-06-28T15:28:30.231Z] > command requires scopes: ["email","openid","https://www.googleapis.com/auth/cloudplatformprojects.readonly","https://www.googleapis.com/auth/firebase","https://www.googleapis.com/auth/cloud-platform"]
[debug] [2026-06-28T15:28:30.232Z] > authorizing via signed-in user (irenengitau@gmail.com)
[error] 
[error] Error: firebase use must be run from a Firebase project directory.

Run firebase init to start a project directory in the current folder.
[debug] [2026-06-28T15:31:22.516Z] ----------------------------------------------------------------------
[debug] [2026-06-28T15:31:22.521Z] Command:       C:\Program Files\nodejs\node.exe C:\Users\gitau\AppData\Roaming\npm\node_modules\firebase-tools\lib\bin\firebase.js use
[debug] [2026-06-28T15:31:22.521Z] CLI Version:   15.19.1
[debug] [2026-06-28T15:31:22.522Z] Platform:      win32
[debug] [2026-06-28T15:31:22.522Z] Node Version:  v24.12.0
[debug] [2026-06-28T15:31:22.522Z] Time:          Sun Jun 28 2026 18:31:22 GMT+0300 (East Africa Time)
[debug] [2026-06-28T15:31:22.522Z] ----------------------------------------------------------------------
[debug] 
[debug] [2026-06-28T15:31:22.529Z] >>> [apiv2][query] GET https://firebase-public.firebaseio.com/cli.json [none]
[debug] [2026-06-28T15:31:23.043Z] > command requires scopes: ["email","openid","https://www.googleapis.com/auth/cloudplatformprojects.readonly","https://www.googleapis.com/auth/firebase","https://www.googleapis.com/auth/cloud-platform"]
[debug] [2026-06-28T15:31:23.044Z] > authorizing via signed-in user (irenengitau@gmail.com)
[info] shamba360-831ae
[debug] [2026-06-28T15:32:05.436Z] ----------------------------------------------------------------------
[debug] [2026-06-28T15:32:05.443Z] Command:       C:\Program Files\nodejs\node.exe C:\Users\gitau\AppData\Roaming\npm\node_modules\firebase-tools\lib\bin\firebase.js emulators:start --only auth,firestore,hosting
[debug] [2026-06-28T15:32:05.444Z] CLI Version:   15.19.1
[debug] [2026-06-28T15:32:05.444Z] Platform:      win32
[debug] [2026-06-28T15:32:05.444Z] Node Version:  v24.12.0
[debug] [2026-06-28T15:32:05.445Z] Time:          Sun Jun 28 2026 18:32:05 GMT+0300 (East Africa Time)
[debug] [2026-06-28T15:32:05.445Z] ----------------------------------------------------------------------
[debug] 
[debug] [2026-06-28T15:32:05.452Z] >>> [apiv2][query] GET https://firebase-public.firebaseio.com/cli.json [none]
[debug] [2026-06-28T15:32:20.160Z] > command requires scopes: ["email","openid","https://www.googleapis.com/auth/cloudplatformprojects.readonly","https://www.googleapis.com/auth/firebase","https://www.googleapis.com/auth/cloud-platform"]
[debug] [2026-06-28T15:32:20.162Z] > authorizing via signed-in user (irenengitau@gmail.com)
[debug] [2026-06-28T15:32:20.624Z] java version "23.0.1" 2024-10-15

[debug] [2026-06-28T15:32:20.625Z] Java(TM) SE Runtime Environment (build 23.0.1+11-39)
Java HotSpot(TM) 64-Bit Server VM (build 23.0.1+11-39, mixed mode, sharing)

[debug] [2026-06-28T15:32:20.659Z] Parsed Java major version: 23
[info] i  emulators: Starting emulators: auth, firestore, hosting {"metadata":{"emulator":{"name":"hub"},"message":"Starting emulators: auth, firestore, hosting"}}
[debug] [2026-06-28T15:32:20.706Z] [logging] Logging Emulator only supports listening on one address (127.0.0.1). Not listening on ::1
[debug] [2026-06-28T15:32:20.707Z] [auth] Authentication Emulator only supports listening on one address (127.0.0.1). Not listening on ::1
[debug] [2026-06-28T15:32:20.708Z] [firestore] Firestore Emulator only supports listening on one address (127.0.0.1). Not listening on ::1
[debug] [2026-06-28T15:32:20.709Z] [firestore.websocket] websocket server for firestore only supports listening on one address (127.0.0.1). Not listening on ::1
[debug] [2026-06-28T15:32:20.709Z] [hosting] Hosting Emulator only supports listening on one address (127.0.0.1). Not listening on ::1
[debug] [2026-06-28T15:32:20.710Z] assigned listening specs for emulators {"user":{"hub":[{"address":"127.0.0.1","family":"IPv4","port":4400},{"address":"::1","family":"IPv6","port":4400}],"ui":[{"address":"127.0.0.1","family":"IPv4","port":4000},{"address":"::1","family":"IPv6","port":4000}],"logging":[{"address":"127.0.0.1","family":"IPv4","port":4500}],"auth":[{"address":"127.0.0.1","family":"IPv4","port":9099}],"firestore":[{"address":"127.0.0.1","family":"IPv4","port":8080}],"firestore.websocket":[{"address":"127.0.0.1","family":"IPv4","port":9150}],"hosting":[{"address":"127.0.0.1","family":"IPv4","port":5000}]},"metadata":{"message":"assigned listening specs for emulators"}}
[debug] [2026-06-28T15:32:20.724Z] Write emulator hub locator at C:\Users\gitau\AppData\Local\Temp\hub-shamba360-831ae.json
[info] i  firestore: downloading cloud-firestore-emulator-v1.21.0.jar... {"metadata":{"emulator":{"name":"firestore"},"message":"downloading cloud-firestore-emulator-v1.21.0.jar..."}}
[debug] [2026-06-28T15:32:20.782Z] >>> [apiv2][query] GET https://storage.googleapis.com/firebase-preview-drop/emulator/cloud-firestore-emulator-v1.21.0.jar 
[debug] [2026-06-28T15:32:20.917Z] <<< [apiv2][status] GET https://firebase-public.firebaseio.com/cli.json 200
[debug] [2026-06-28T15:32:20.918Z] <<< [apiv2][body] GET https://firebase-public.firebaseio.com/cli.json {"cloudBuildErrorAfter":1594252800000,"cloudBuildWarnAfter":1590019200000,"defaultNode10After":1594252800000,"minVersion":"3.0.5","node8DeploysDisabledAfter":1613390400000,"node8RuntimeDisabledAfter":1615809600000,"node8WarnAfter":1600128000000}
[debug] [2026-06-28T15:32:21.329Z] <<< [apiv2][status] GET https://storage.googleapis.com/firebase-preview-drop/emulator/cloud-firestore-emulator-v1.21.0.jar 200
[debug] [2026-06-28T15:32:21.330Z] <<< [apiv2][body] GET https://storage.googleapis.com/firebase-preview-drop/emulator/cloud-firestore-emulator-v1.21.0.jar [stream]
[debug] [2026-06-28T15:32:38.336Z] Ignoring unsupported arg: auto_download {"metadata":{"emulator":{"name":"firestore"},"message":"Ignoring unsupported arg: auto_download"}}
[debug] [2026-06-28T15:32:38.337Z] Ignoring unsupported arg: single_project_mode_error {"metadata":{"emulator":{"name":"firestore"},"message":"Ignoring unsupported arg: single_project_mode_error"}}
[debug] [2026-06-28T15:32:38.337Z] Starting Firestore Emulator with command {"binary":"java","args":["-Dgoogle.cloud_firestore.debug_log_level=FINE","-Duser.language=en","-jar","C:\\Users\\gitau\\.cache\\firebase\\emulators\\cloud-firestore-emulator-v1.21.0.jar","--host","127.0.0.1","--port",8080,"--websocket_port",9150,"--database-edition","standard","--project_id","shamba360-831ae","--rules","C:\\Users\\gitau\\portfolio\\shamba360\\Shamba360\\firestore.rules","--single_project_mode",true],"optionalArgs":["port","webchannel_port","host","rules","websocket_port","database-edition","functions_emulator","seed_from_export","project_id","single_project_mode"],"joinArgs":false,"shell":false,"port":8080} {"metadata":{"emulator":{"name":"firestore"},"message":"Starting Firestore Emulator with command {\"binary\":\"java\",\"args\":[\"-Dgoogle.cloud_firestore.debug_log_level=FINE\",\"-Duser.language=en\",\"-jar\",\"C:\\\\Users\\\\gitau\\\\.cache\\\\firebase\\\\emulators\\\\cloud-firestore-emulator-v1.21.0.jar\",\"--host\",\"127.0.0.1\",\"--port\",8080,\"--websocket_port\",9150,\"--database-edition\",\"standard\",\"--project_id\",\"shamba360-831ae\",\"--rules\",\"C:\\\\Users\\\\gitau\\\\portfolio\\\\shamba360\\\\Shamba360\\\\firestore.rules\",\"--single_project_mode\",true],\"optionalArgs\":[\"port\",\"webchannel_port\",\"host\",\"rules\",\"websocket_port\",\"database-edition\",\"functions_emulator\",\"seed_from_export\",\"project_id\",\"single_project_mode\"],\"joinArgs\":false,\"shell\":false,\"port\":8080}"}}
[info] i  firestore: Firestore Emulator logging to firestore-debug.log {"metadata":{"emulator":{"name":"firestore"},"message":"Firestore Emulator logging to firestore-debug.log"}}
[info] +  firestore: Firestore Emulator was started in standard edition. {"metadata":{"emulator":{"name":"firestore"},"message":"Firestore Emulator was started in standard edition."}}
[info] +  firestore: Firestore Emulator UI websocket is running on 9150. {"metadata":{"emulator":{"name":"firestore"},"message":"Firestore Emulator UI websocket is running on 9150."}}
[debug] [2026-06-28T15:33:03.164Z] Checked if tokens are valid: false, expires at: 1780681012756
[debug] [2026-06-28T15:33:03.165Z] Checked if tokens are valid: false, expires at: 1780681012756
[debug] [2026-06-28T15:33:03.166Z] > refreshing access token with scopes: []
[debug] [2026-06-28T15:33:03.172Z] >>> [apiv2][query] POST https://www.googleapis.com/oauth2/v3/token [none]
[debug] [2026-06-28T15:33:03.173Z] >>> [apiv2][body] POST https://www.googleapis.com/oauth2/v3/token [omitted]
[debug] [2026-06-28T15:33:03.541Z] <<< [apiv2][status] POST https://www.googleapis.com/oauth2/v3/token 200
[debug] [2026-06-28T15:33:03.542Z] <<< [apiv2][body] POST https://www.googleapis.com/oauth2/v3/token [omitted]
[debug] [2026-06-28T15:33:03.574Z] >>> [apiv2][query] GET https://firebasehosting.googleapis.com/v1beta1/projects/shamba360-831ae/sites 
[debug] [2026-06-28T15:33:05.062Z] <<< [apiv2][status] GET https://firebasehosting.googleapis.com/v1beta1/projects/shamba360-831ae/sites 403
[debug] [2026-06-28T15:33:05.063Z] <<< [apiv2][body] GET https://firebasehosting.googleapis.com/v1beta1/projects/shamba360-831ae/sites {"error":{"code":403,"message":"The caller does not have permission","status":"PERMISSION_DENIED"}}
[debug] [2026-06-28T15:33:05.065Z] Failed to list hosting sites
[debug] Request to https://firebasehosting.googleapis.com/v1beta1/projects/shamba360-831ae/sites had HTTP Error: 403, The caller does not have permission
[debug] [2026-06-28T15:33:05.066Z] Checked if tokens are valid: true, expires at: 1782664382542
[debug] [2026-06-28T15:33:05.066Z] Checked if tokens are valid: true, expires at: 1782664382542
[debug] [2026-06-28T15:33:05.067Z] >>> [apiv2][query] GET https://firebase.googleapis.com/v1beta1/projects/shamba360-831ae/webApps/-/config [none]
[debug] [2026-06-28T15:33:05.813Z] <<< [apiv2][status] GET https://firebase.googleapis.com/v1beta1/projects/shamba360-831ae/webApps/-/config 403
[debug] [2026-06-28T15:33:05.816Z] <<< [apiv2][body] GET https://firebase.googleapis.com/v1beta1/projects/shamba360-831ae/webApps/-/config {"error":{"code":403,"message":"The caller does not have permission","status":"PERMISSION_DENIED"}}
[debug] [2026-06-28T15:33:05.816Z] fetchWebSetup error: FirebaseError: Request to https://firebase.googleapis.com/v1beta1/projects/shamba360-831ae/webApps/-/config had HTTP Error: 403, The caller does not have permission
[warn] !  hosting: Authentication error when trying to fetch your current web app configuration, have you run firebase login? 
[warn] !  hosting: Could not fetch web app configuration and there is no cached configuration on this machine. Check your internet connection and make sure you are authenticated. To continue, you must call firebase.initializeApp({...}) in your code before using Firebase. 
[debug] [2026-06-28T15:33:05.825Z] Checked if tokens are valid: true, expires at: 1782664382542
[debug] [2026-06-28T15:33:05.826Z] Checked if tokens are valid: true, expires at: 1782664382542
[debug] [2026-06-28T15:33:05.827Z] >>> [apiv2][query] GET https://firebase.googleapis.com/v1beta1/projects/shamba360-831ae [none]
[debug] [2026-06-28T15:33:06.733Z] <<< [apiv2][status] GET https://firebase.googleapis.com/v1beta1/projects/shamba360-831ae 403
[debug] [2026-06-28T15:33:06.734Z] <<< [apiv2][body] GET https://firebase.googleapis.com/v1beta1/projects/shamba360-831ae {"error":{"code":403,"message":"The caller does not have permission","status":"PERMISSION_DENIED"}}
[debug] [2026-06-28T15:33:06.734Z] Request to https://firebase.googleapis.com/v1beta1/projects/shamba360-831ae had HTTP Error: 403, The caller does not have permission
[info] i  hosting[shamba360-831ae]: Serving hosting files from: frontend/dist {"metadata":{"emulator":{"name":"hosting"},"message":"Serving hosting files from: frontend/dist"}}
[info] +  hosting[shamba360-831ae]: Local server: http://127.0.0.1:5000 {"metadata":{"emulator":{"name":"hosting"},"message":"Local server: http://127.0.0.1:5000"}}
[info] i  ui: downloading ui-v1.15.0.zip... {"metadata":{"emulator":{"name":"ui"},"message":"downloading ui-v1.15.0.zip..."}}
[debug] [2026-06-28T15:33:06.849Z] >>> [apiv2][query] GET https://storage.googleapis.com/firebase-preview-drop/emulator/ui-v1.15.0.zip 
[debug] [2026-06-28T15:33:07.636Z] <<< [apiv2][status] GET https://storage.googleapis.com/firebase-preview-drop/emulator/ui-v1.15.0.zip 200
[debug] [2026-06-28T15:33:07.636Z] <<< [apiv2][body] GET https://storage.googleapis.com/firebase-preview-drop/emulator/ui-v1.15.0.zip [stream]
[debug] [2026-06-28T15:33:09.942Z] Data is 3538469
[debug] [2026-06-28T15:33:09.944Z] [unzip] Entry: client/ (compressed_size=0 bytes, uncompressed_size=0 bytes)
[debug] [2026-06-28T15:33:09.944Z] [unzip] Processing entry: client\
[debug] [2026-06-28T15:33:09.945Z] [unzip] mkdir: C:\Users\gitau\.cache\firebase\emulators\ui-v1.15.0\client\
[debug] [2026-06-28T15:33:09.949Z] [unzip] Entry: client/favicon-16x16.png (compressed_size=293 bytes, uncompressed_size=293 bytes)
[debug] [2026-06-28T15:33:09.950Z] [unzip] Processing entry: client\favicon-16x16.png
[debug] [2026-06-28T15:33:09.951Z] [unzip] else mkdir: C:\Users\gitau\.cache\firebase\emulators\ui-v1.15.0\client
[debug] [2026-06-28T15:33:09.952Z] [unzip] Writing file: C:\Users\gitau\.cache\firebase\emulators\ui-v1.15.0\client\favicon-16x16.png
[debug] [2026-06-28T15:33:09.956Z] [unzip] Entry: client/safari-pinned-tab.svg (compressed_size=1433 bytes, uncompressed_size=2611 bytes)
[debug] [2026-06-28T15:33:09.956Z] [unzip] Processing entry: client\safari-pinned-tab.svg
[debug] [2026-06-28T15:33:09.957Z] [unzip] else mkdir: C:\Users\gitau\.cache\firebase\emulators\ui-v1.15.0\client
[debug] [2026-06-28T15:33:09.958Z] [unzip] deflating: C:\Users\gitau\.cache\firebase\emulators\ui-v1.15.0\client\safari-pinned-tab.svg
[debug] [2026-06-28T15:33:09.972Z] [unzip] Entry: client/favicon.ico (compressed_size=2933 bytes, uncompressed_size=13294 bytes)
[debug] [2026-06-28T15:33:09.972Z] [unzip] Processing entry: client\favicon.ico
[debug] [2026-06-28T15:33:09.973Z] [unzip] else mkdir: C:\Users\gitau\.cache\firebase\emulators\ui-v1.15.0\client
[debug] [2026-06-28T15:33:09.974Z] [unzip] deflating: C:\Users\gitau\.cache\firebase\emulators\ui-v1.15.0\client\favicon.ico
[debug] [2026-06-28T15:33:09.978Z] [unzip] Entry: client/index.html (compressed_size=1364 bytes, uncompressed_size=3071 bytes)
[debug] [2026-06-28T15:33:09.978Z] [unzip] Processing entry: client\index.html
[debug] [2026-06-28T15:33:09.979Z] [unzip] else mkdir: C:\Users\gitau\.cache\firebase\emulators\ui-v1.15.0\client
[debug] [2026-06-28T15:33:09.980Z] [unzip] deflating: C:\Users\gitau\.cache\firebase\emulators\ui-v1.15.0\client\index.html
[debug] [2026-06-28T15:33:09.985Z] [unzip] Entry: client/android-chrome-192x192.png (compressed_size=2684 bytes, uncompressed_size=2684 bytes)
[debug] [2026-06-28T15:33:09.986Z] [unzip] Processing entry: client\android-chrome-192x192.png
[debug] [2026-06-28T15:33:09.986Z] [unzip] else mkdir: C:\Users\gitau\.cache\firebase\emulators\ui-v1.15.0\client
[debug] [2026-06-28T15:33:09.987Z] [unzip] Writing file: C:\Users\gitau\.cache\firebase\emulators\ui-v1.15.0\client\android-chrome-192x192.png
[debug] [2026-06-28T15:33:09.990Z] [unzip] Entry: client/apple-touch-icon.png (compressed_size=2123 bytes, uncompressed_size=2152 bytes)
[debug] [2026-06-28T15:33:09.991Z] [unzip] Processing entry: client\apple-touch-icon.png
[debug] [2026-06-28T15:33:09.991Z] [unzip] else mkdir: C:\Users\gitau\.cache\firebase\emulators\ui-v1.15.0\client
[debug] [2026-06-28T15:33:09.993Z] [unzip] deflating: C:\Users\gitau\.cache\firebase\emulators\ui-v1.15.0\client\apple-touch-icon.png
[debug] [2026-06-28T15:33:09.996Z] [unzip] Entry: client/android-chrome-512x512.png (compressed_size=5369 bytes, uncompressed_size=5411 bytes)
[debug] [2026-06-28T15:33:09.996Z] [unzip] Processing entry: client\android-chrome-512x512.png
[debug] [2026-06-28T15:33:09.997Z] [unzip] else mkdir: C:\Users\gitau\.cache\firebase\emulators\ui-v1.15.0\client
[debug] [2026-06-28T15:33:09.999Z] [unzip] deflating: C:\Users\gitau\.cache\firebase\emulators\ui-v1.15.0\client\android-chrome-512x512.png
[debug] [2026-06-28T15:33:10.002Z] [unzip] Entry: client/manifest.json (compressed_size=245 bytes, uncompressed_size=551 bytes)
[debug] [2026-06-28T15:33:10.003Z] [unzip] Processing entry: client\manifest.json
[debug] [2026-06-28T15:33:10.003Z] [unzip] else mkdir: C:\Users\gitau\.cache\firebase\emulators\ui-v1.15.0\client
[debug] [2026-06-28T15:33:10.005Z] [unzip] deflating: C:\Users\gitau\.cache\firebase\emulators\ui-v1.15.0\client\manifest.json
[debug] [2026-06-28T15:33:10.009Z] [unzip] Entry: client/robots.txt (compressed_size=26 bytes, uncompressed_size=26 bytes)
[debug] [2026-06-28T15:33:10.009Z] [unzip] Processing entry: client\robots.txt
[debug] [2026-06-28T15:33:10.010Z] [unzip] else mkdir: C:\Users\gitau\.cache\firebase\emulators\ui-v1.15.0\client
[debug] [2026-06-28T15:33:10.011Z] [unzip] Writing file: C:\Users\gitau\.cache\firebase\emulators\ui-v1.15.0\client\robots.txt
[debug] [2026-06-28T15:33:10.015Z] [unzip] Entry: client/mstile-150x150.png (compressed_size=2034 bytes, uncompressed_size=2034 bytes)
[debug] [2026-06-28T15:33:10.016Z] [unzip] Processing entry: client\mstile-150x150.png
[debug] [2026-06-28T15:33:10.016Z] [unzip] else mkdir: C:\Users\gitau\.cache\firebase\emulators\ui-v1.15.0\client
[debug] [2026-06-28T15:33:10.018Z] [unzip] Writing file: C:\Users\gitau\.cache\firebase\emulators\ui-v1.15.0\client\mstile-150x150.png
[debug] [2026-06-28T15:33:10.021Z] [unzip] Entry: client/assets/ (compressed_size=0 bytes, uncompressed_size=0 bytes)
[debug] [2026-06-28T15:33:10.021Z] [unzip] Processing entry: client\assets\
[debug] [2026-06-28T15:33:10.022Z] [unzip] mkdir: C:\Users\gitau\.cache\firebase\emulators\ui-v1.15.0\client\assets\
[debug] [2026-06-28T15:33:10.024Z] [unzip] Entry: client/assets/index-BX-A56oj.js (compressed_size=582089 bytes, uncompressed_size=2092775 bytes)
[debug] [2026-06-28T15:33:10.025Z] [unzip] Processing entry: client\assets\index-BX-A56oj.js
[debug] [2026-06-28T15:33:10.025Z] [unzip] else mkdir: C:\Users\gitau\.cache\firebase\emulators\ui-v1.15.0\client\assets
[debug] [2026-06-28T15:33:10.027Z] [unzip] deflating: C:\Users\gitau\.cache\firebase\emulators\ui-v1.15.0\client\assets\index-BX-A56oj.js
[debug] [2026-06-28T15:33:10.063Z] [unzip] Entry: client/assets/index-CjB9C900.css (compressed_size=35979 bytes, uncompressed_size=298654 bytes)
[debug] [2026-06-28T15:33:10.063Z] [unzip] Processing entry: client\assets\index-CjB9C900.css
[debug] [2026-06-28T15:33:10.064Z] [unzip] else mkdir: C:\Users\gitau\.cache\firebase\emulators\ui-v1.15.0\client\assets
[debug] [2026-06-28T15:33:10.068Z] [unzip] deflating: C:\Users\gitau\.cache\firebase\emulators\ui-v1.15.0\client\assets\index-CjB9C900.css
[debug] [2026-06-28T15:33:10.076Z] [unzip] Entry: client/assets/index-BX-A56oj.js.map (compressed_size=2362482 bytes, uncompressed_size=10036679 bytes)
[debug] [2026-06-28T15:33:10.077Z] [unzip] Processing entry: client\assets\index-BX-A56oj.js.map
[debug] [2026-06-28T15:33:10.077Z] [unzip] else mkdir: C:\Users\gitau\.cache\firebase\emulators\ui-v1.15.0\client\assets
[debug] [2026-06-28T15:33:10.079Z] [unzip] deflating: C:\Users\gitau\.cache\firebase\emulators\ui-v1.15.0\client\assets\index-BX-A56oj.js.map
[debug] [2026-06-28T15:33:10.228Z] [unzip] Entry: client/assets/extensions/ (compressed_size=0 bytes, uncompressed_size=0 bytes)
[debug] [2026-06-28T15:33:10.229Z] [unzip] Processing entry: client\assets\extensions\
[debug] [2026-06-28T15:33:10.229Z] [unzip] mkdir: C:\Users\gitau\.cache\firebase\emulators\ui-v1.15.0\client\assets\extensions\
[debug] [2026-06-28T15:33:10.233Z] [unzip] Entry: client/assets/extensions/default-extension.png (compressed_size=1646 bytes, uncompressed_size=1657 bytes)
[debug] [2026-06-28T15:33:10.234Z] [unzip] Processing entry: client\assets\extensions\default-extension.png
[debug] [2026-06-28T15:33:10.234Z] [unzip] else mkdir: C:\Users\gitau\.cache\firebase\emulators\ui-v1.15.0\client\assets\extensions
[debug] [2026-06-28T15:33:10.235Z] [unzip] deflating: C:\Users\gitau\.cache\firebase\emulators\ui-v1.15.0\client\assets\extensions\default-extension.png
[debug] [2026-06-28T15:33:10.239Z] [unzip] Entry: client/assets/img/ (compressed_size=0 bytes, uncompressed_size=0 bytes)
[debug] [2026-06-28T15:33:10.239Z] [unzip] Processing entry: client\assets\img\
[debug] [2026-06-28T15:33:10.240Z] [unzip] mkdir: C:\Users\gitau\.cache\firebase\emulators\ui-v1.15.0\client\assets\img\
[debug] [2026-06-28T15:33:10.241Z] [unzip] Entry: client/assets/img/database.png (compressed_size=29449 bytes, uncompressed_size=29988 bytes)
[debug] [2026-06-28T15:33:10.242Z] [unzip] Processing entry: client\assets\img\database.png
[debug] [2026-06-28T15:33:10.242Z] [unzip] else mkdir: C:\Users\gitau\.cache\firebase\emulators\ui-v1.15.0\client\assets\img
[debug] [2026-06-28T15:33:10.243Z] [unzip] deflating: C:\Users\gitau\.cache\firebase\emulators\ui-v1.15.0\client\assets\img\database.png
[debug] [2026-06-28T15:33:10.248Z] [unzip] Entry: client/assets/provider-icons/ (compressed_size=0 bytes, uncompressed_size=0 bytes)
[debug] [2026-06-28T15:33:10.249Z] [unzip] Processing entry: client\assets\provider-icons\
[debug] [2026-06-28T15:33:10.249Z] [unzip] mkdir: C:\Users\gitau\.cache\firebase\emulators\ui-v1.15.0\client\assets\provider-icons\
[debug] [2026-06-28T15:33:10.251Z] [unzip] Entry: client/assets/provider-icons/auth_service_saml.svg (compressed_size=575 bytes, uncompressed_size=1226 bytes)
[debug] [2026-06-28T15:33:10.252Z] [unzip] Processing entry: client\assets\provider-icons\auth_service_saml.svg
[debug] [2026-06-28T15:33:10.252Z] [unzip] else mkdir: C:\Users\gitau\.cache\firebase\emulators\ui-v1.15.0\client\assets\provider-icons
[debug] [2026-06-28T15:33:10.254Z] [unzip] deflating: C:\Users\gitau\.cache\firebase\emulators\ui-v1.15.0\client\assets\provider-icons\auth_service_saml.svg
[debug] [2026-06-28T15:33:10.258Z] [unzip] Entry: client/assets/provider-icons/auth_service_phone.svg (compressed_size=261 bytes, uncompressed_size=414 bytes)
[debug] [2026-06-28T15:33:10.258Z] [unzip] Processing entry: client\assets\provider-icons\auth_service_phone.svg
[debug] [2026-06-28T15:33:10.259Z] [unzip] else mkdir: C:\Users\gitau\.cache\firebase\emulators\ui-v1.15.0\client\assets\provider-icons
[debug] [2026-06-28T15:33:10.260Z] [unzip] deflating: C:\Users\gitau\.cache\firebase\emulators\ui-v1.15.0\client\assets\provider-icons\auth_service_phone.svg
[debug] [2026-06-28T15:33:10.266Z] [unzip] Entry: client/assets/provider-icons/auth_service_facebook.svg (compressed_size=289 bytes, uncompressed_size=457 bytes)
[debug] [2026-06-28T15:33:10.266Z] [unzip] Processing entry: client\assets\provider-icons\auth_service_facebook.svg
[debug] [2026-06-28T15:33:10.267Z] [unzip] else mkdir: C:\Users\gitau\.cache\firebase\emulators\ui-v1.15.0\client\assets\provider-icons
[debug] [2026-06-28T15:33:10.268Z] [unzip] deflating: C:\Users\gitau\.cache\firebase\emulators\ui-v1.15.0\client\assets\provider-icons\auth_service_facebook.svg
[debug] [2026-06-28T15:33:10.272Z] [unzip] Entry: client/assets/provider-icons/auth_service_game_center.svg (compressed_size=991 bytes, uncompressed_size=3921 bytes)
[debug] [2026-06-28T15:33:10.272Z] [unzip] Processing entry: client\assets\provider-icons\auth_service_game_center.svg
[debug] [2026-06-28T15:33:10.273Z] [unzip] else mkdir: C:\Users\gitau\.cache\firebase\emulators\ui-v1.15.0\client\assets\provider-icons
[debug] [2026-06-28T15:33:10.274Z] [unzip] deflating: C:\Users\gitau\.cache\firebase\emulators\ui-v1.15.0\client\assets\provider-icons\auth_service_game_center.svg
[debug] [2026-06-28T15:33:10.279Z] [unzip] Entry: client/assets/provider-icons/auth_service_apple.svg (compressed_size=230 bytes, uncompressed_size=334 bytes)
[debug] [2026-06-28T15:33:10.281Z] [unzip] Processing entry: client\assets\provider-icons\auth_service_apple.svg
[debug] [2026-06-28T15:33:10.281Z] [unzip] else mkdir: C:\Users\gitau\.cache\firebase\emulators\ui-v1.15.0\client\assets\provider-icons
[debug] [2026-06-28T15:33:10.284Z] [unzip] deflating: C:\Users\gitau\.cache\firebase\emulators\ui-v1.15.0\client\assets\provider-icons\auth_service_apple.svg
[debug] [2026-06-28T15:33:10.288Z] [unzip] Entry: client/assets/provider-icons/auth_service_github.svg (compressed_size=466 bytes, uncompressed_size=838 bytes)
[debug] [2026-06-28T15:33:10.289Z] [unzip] Processing entry: client\assets\provider-icons\auth_service_github.svg
[debug] [2026-06-28T15:33:10.290Z] [unzip] else mkdir: C:\Users\gitau\.cache\firebase\emulators\ui-v1.15.0\client\assets\provider-icons
[debug] [2026-06-28T15:33:10.294Z] [unzip] deflating: C:\Users\gitau\.cache\firebase\emulators\ui-v1.15.0\client\assets\provider-icons\auth_service_github.svg
[debug] [2026-06-28T15:33:10.297Z] [unzip] Entry: client/assets/provider-icons/auth_service_mslive.svg (compressed_size=203 bytes, uncompressed_size=378 bytes)
[debug] [2026-06-28T15:33:10.298Z] [unzip] Processing entry: client\assets\provider-icons\auth_service_mslive.svg
[debug] [2026-06-28T15:33:10.299Z] [unzip] else mkdir: C:\Users\gitau\.cache\firebase\emulators\ui-v1.15.0\client\assets\provider-icons
[debug] [2026-06-28T15:33:10.301Z] [unzip] deflating: C:\Users\gitau\.cache\firebase\emulators\ui-v1.15.0\client\assets\provider-icons\auth_service_mslive.svg
[debug] [2026-06-28T15:33:10.306Z] [unzip] Entry: client/assets/provider-icons/auth_service_yahoo.svg (compressed_size=577 bytes, uncompressed_size=1182 bytes)
[debug] [2026-06-28T15:33:10.309Z] [unzip] Processing entry: client\assets\provider-icons\auth_service_yahoo.svg
[debug] [2026-06-28T15:33:10.309Z] [unzip] else mkdir: C:\Users\gitau\.cache\firebase\emulators\ui-v1.15.0\client\assets\provider-icons
[debug] [2026-06-28T15:33:10.311Z] [unzip] deflating: C:\Users\gitau\.cache\firebase\emulators\ui-v1.15.0\client\assets\provider-icons\auth_service_yahoo.svg
[debug] [2026-06-28T15:33:10.315Z] [unzip] Entry: client/assets/provider-icons/auth_service_twitter.svg (compressed_size=444 bytes, uncompressed_size=751 bytes)
[debug] [2026-06-28T15:33:10.316Z] [unzip] Processing entry: client\assets\provider-icons\auth_service_twitter.svg
[debug] [2026-06-28T15:33:10.316Z] [unzip] else mkdir: C:\Users\gitau\.cache\firebase\emulators\ui-v1.15.0\client\assets\provider-icons
[debug] [2026-06-28T15:33:10.317Z] [unzip] deflating: C:\Users\gitau\.cache\firebase\emulators\ui-v1.15.0\client\assets\provider-icons\auth_service_twitter.svg
[debug] [2026-06-28T15:33:10.321Z] [unzip] Entry: client/assets/provider-icons/auth_service_play_games.svg (compressed_size=565 bytes, uncompressed_size=1173 bytes)
[debug] [2026-06-28T15:33:10.322Z] [unzip] Processing entry: client\assets\provider-icons\auth_service_play_games.svg
[debug] [2026-06-28T15:33:10.322Z] [unzip] else mkdir: C:\Users\gitau\.cache\firebase\emulators\ui-v1.15.0\client\assets\provider-icons
[debug] [2026-06-28T15:33:10.324Z] [unzip] deflating: C:\Users\gitau\.cache\firebase\emulators\ui-v1.15.0\client\assets\provider-icons\auth_service_play_games.svg
[debug] [2026-06-28T15:33:10.327Z] [unzip] Entry: client/assets/provider-icons/auth_service_email.svg (compressed_size=228 bytes, uncompressed_size=326 bytes)
[debug] [2026-06-28T15:33:10.328Z] [unzip] Processing entry: client\assets\provider-icons\auth_service_email.svg
[debug] [2026-06-28T15:33:10.328Z] [unzip] else mkdir: C:\Users\gitau\.cache\firebase\emulators\ui-v1.15.0\client\assets\provider-icons
[debug] [2026-06-28T15:33:10.329Z] [unzip] deflating: C:\Users\gitau\.cache\firebase\emulators\ui-v1.15.0\client\assets\provider-icons\auth_service_email.svg
[debug] [2026-06-28T15:33:10.333Z] [unzip] Entry: client/assets/provider-icons/auth_service_google.svg (compressed_size=409 bytes, uncompressed_size=720 bytes)
[debug] [2026-06-28T15:33:10.334Z] [unzip] Processing entry: client\assets\provider-icons\auth_service_google.svg
[debug] [2026-06-28T15:33:10.334Z] [unzip] else mkdir: C:\Users\gitau\.cache\firebase\emulators\ui-v1.15.0\client\assets\provider-icons
[debug] [2026-06-28T15:33:10.337Z] [unzip] deflating: C:\Users\gitau\.cache\firebase\emulators\ui-v1.15.0\client\assets\provider-icons\auth_service_google.svg
[debug] [2026-06-28T15:33:10.340Z] [unzip] Entry: client/assets/provider-icons/auth_service_oidc.svg (compressed_size=414 bytes, uncompressed_size=858 bytes)
[debug] [2026-06-28T15:33:10.340Z] [unzip] Processing entry: client\assets\provider-icons\auth_service_oidc.svg
[debug] [2026-06-28T15:33:10.341Z] [unzip] else mkdir: C:\Users\gitau\.cache\firebase\emulators\ui-v1.15.0\client\assets\provider-icons
[debug] [2026-06-28T15:33:10.342Z] [unzip] deflating: C:\Users\gitau\.cache\firebase\emulators\ui-v1.15.0\client\assets\provider-icons\auth_service_oidc.svg
[debug] [2026-06-28T15:33:10.345Z] [unzip] Entry: client/browserconfig.xml (compressed_size=491 bytes, uncompressed_size=822 bytes)
[debug] [2026-06-28T15:33:10.346Z] [unzip] Processing entry: client\browserconfig.xml
[debug] [2026-06-28T15:33:10.346Z] [unzip] else mkdir: C:\Users\gitau\.cache\firebase\emulators\ui-v1.15.0\client
[debug] [2026-06-28T15:33:10.348Z] [unzip] deflating: C:\Users\gitau\.cache\firebase\emulators\ui-v1.15.0\client\browserconfig.xml
[debug] [2026-06-28T15:33:10.352Z] [unzip] Entry: client/favicon-32x32.png (compressed_size=475 bytes, uncompressed_size=475 bytes)
[debug] [2026-06-28T15:33:10.352Z] [unzip] Processing entry: client\favicon-32x32.png
[debug] [2026-06-28T15:33:10.353Z] [unzip] else mkdir: C:\Users\gitau\.cache\firebase\emulators\ui-v1.15.0\client
[debug] [2026-06-28T15:33:10.355Z] [unzip] Writing file: C:\Users\gitau\.cache\firebase\emulators\ui-v1.15.0\client\favicon-32x32.png
[debug] [2026-06-28T15:33:10.357Z] [unzip] Entry: server/ (compressed_size=0 bytes, uncompressed_size=0 bytes)
[debug] [2026-06-28T15:33:10.358Z] [unzip] Processing entry: server\
[debug] [2026-06-28T15:33:10.358Z] [unzip] mkdir: C:\Users\gitau\.cache\firebase\emulators\ui-v1.15.0\server\
[debug] [2026-06-28T15:33:10.360Z] [unzip] Entry: server/server.mjs.map (compressed_size=217845 bytes, uncompressed_size=944978 bytes)
[debug] [2026-06-28T15:33:10.361Z] [unzip] Processing entry: server\server.mjs.map
[debug] [2026-06-28T15:33:10.361Z] [unzip] else mkdir: C:\Users\gitau\.cache\firebase\emulators\ui-v1.15.0\server
[debug] [2026-06-28T15:33:10.363Z] [unzip] deflating: C:\Users\gitau\.cache\firebase\emulators\ui-v1.15.0\server\server.mjs.map
[debug] [2026-06-28T15:33:10.379Z] [unzip] Entry: server/server.mjs (compressed_size=276407 bytes, uncompressed_size=933701 bytes)
[debug] [2026-06-28T15:33:10.380Z] [unzip] Processing entry: server\server.mjs
[debug] [2026-06-28T15:33:10.380Z] [unzip] else mkdir: C:\Users\gitau\.cache\firebase\emulators\ui-v1.15.0\server
[debug] [2026-06-28T15:33:10.382Z] [unzip] deflating: C:\Users\gitau\.cache\firebase\emulators\ui-v1.15.0\server\server.mjs
[debug] [2026-06-28T15:33:10.511Z] Could not find VSCode notification endpoint: FetchError: request to http://localhost:40001/vscode/notify failed, reason: . If you are not running the Firebase SQL Connect VSCode extension, this is expected and not an issue.
[info] 
┌─────────────────────────────────────────────────────────────┐
│ ✔  All emulators ready! It is now safe to connect your app. │
│ i  View Emulator UI at http://127.0.0.1:4000/               │
└─────────────────────────────────────────────────────────────┘

┌────────────────┬────────────────┬─────────────────────────────────┐
│ Emulator       │ Host:Port      │ View in Emulator UI             │
├────────────────┼────────────────┼─────────────────────────────────┤
│ Authentication │ 127.0.0.1:9099 │ http://127.0.0.1:4000/auth      │
├────────────────┼────────────────┼─────────────────────────────────┤
│ Firestore      │ 127.0.0.1:8080 │ http://127.0.0.1:4000/firestore │
├────────────────┼────────────────┼─────────────────────────────────┤
│ Hosting        │ 127.0.0.1:5000 │ n/a                             │
└────────────────┴────────────────┴─────────────────────────────────┘
  Emulator Hub host: 127.0.0.1 port: 4400
  Other reserved ports: 4500, 9150

Issues? Report them at https://github.com/firebase/firebase-tools/issues and attach the *-debug.log files.
 
